Building DAG of jobs...
Using shell: /usr/bin/bash
Provided cores: 1 (use --cores to define parallelism)
Rules claiming more threads will be scaled down.
Job stats:
job                 count
----------------  -------
all                     1
scanpy_read_data        1
seurat_read_data        1
total                   3

Select jobs to execute...

[Wed Jul 24 18:45:23 2024]
rule seurat_read_data:
    input: data/raw/seurat_input.rds
    output: data/processed/seurat/01_read_data.rds
    log: logs/seurat/01_read_data.log
    jobid: 1
    reason: Missing output files: data/processed/seurat/01_read_data.rds
    resources: tmpdir=/tmp

Waiting at most 60 seconds for missing files.
Terminating processes on user request, this might take some time.
Complete log: .snakemake/log/2024-07-24T184523.623010.snakemake.log
