Building DAG of jobs...
Using shell: /usr/bin/bash
Provided cores: 8
Rules claiming more threads will be scaled down.
Job stats:
job                      count
---------------------  -------
seurat_doublet_finder        1
seurat_integrate             1
seurat_postQC_process        1
total                        3

Select jobs to execute...

[Thu Aug 29 20:33:34 2024]
rule seurat_doublet_finder:
    input: data/processed/seurat/03_filtered_data.rds
    output: data/processed/seurat/04_doublet_data.rds
    log: logs/seurat/04_doublet_finder.log
    jobid: 2
    reason: Missing output files: data/processed/seurat/04_doublet_data.rds
    resources: tmpdir=/tmp

Rscript --vanilla /mnt/data/projects/scRNA-0722-Reviewed/.snakemake/scripts/tmpjqh53nsj.04_doublet_finder.R
[Thu Aug 29 21:15:14 2024]
Finished job 2.
1 of 3 steps (33%) done
Select jobs to execute...

[Thu Aug 29 21:15:14 2024]
rule seurat_postQC_process:
    input: data/processed/seurat/04_doublet_data.rds
    output: data/processed/seurat/05_postQC_data.rds
    log: logs/seurat/05_postQC_process.log
    jobid: 1
    reason: Missing output files: data/processed/seurat/05_postQC_data.rds; Input files updated by another job: data/processed/seurat/04_doublet_data.rds
    resources: tmpdir=/tmp

Rscript --vanilla /mnt/data/projects/scRNA-0722-Reviewed/.snakemake/scripts/tmp08ui5g5z.05_postQC_process.R
[Thu Aug 29 21:30:13 2024]
Finished job 1.
2 of 3 steps (67%) done
Select jobs to execute...

[Thu Aug 29 21:30:13 2024]
rule seurat_integrate:
    input: data/processed/seurat/05_postQC_data.rds
    output: data/processed/seurat/06_integrated_data.rds
    log: logs/seurat/06_integrate.log
    jobid: 0
    reason: Missing output files: data/processed/seurat/06_integrated_data.rds; Input files updated by another job: data/processed/seurat/05_postQC_data.rds
    resources: tmpdir=/tmp

Rscript --vanilla /mnt/data/projects/scRNA-0722-Reviewed/.snakemake/scripts/tmpeu6bo4vr.06_integrate.R
[Fri Aug 30 00:20:30 2024]
Finished job 0.
3 of 3 steps (100%) done
Complete log: .snakemake/log/2024-08-29T203334.256990.snakemake.log
