Building DAG of jobs...
Using shell: /usr/bin/bash
Provided cores: 8
Rules claiming more threads will be scaled down.
Job stats:
job                 count
----------------  -------
seurat_integrate        1
total                   1

Select jobs to execute...

[Mon Aug 19 20:12:35 2024]
rule seurat_integrate:
    input: data/processed/seurat/05_postQC_data.rds
    output: data/processed/seurat/06_integrated_data.rds
    log: logs/seurat/06_integrate.log
    jobid: 0
    reason: Missing output files: data/processed/seurat/06_integrated_data.rds
    resources: tmpdir=/tmp

Rscript --vanilla /mnt/data/projects/scRNA-0722-ReQC/.snakemake/scripts/tmptsuc4bw_.06_integrate.R
Terminating processes on user request, this might take some time.
Cancelling snakemake on user request.
