Building DAG of jobs...
Using shell: /usr/bin/bash
Provided cores: 1 (use --cores to define parallelism)
Rules claiming more threads will be scaled down.
Job stats:
job                 count
----------------  -------
scanpy_qc_filter        1
total                   1

Select jobs to execute...

[Thu Jul 25 02:39:44 2024]
rule scanpy_qc_filter:
    input: data/processed/scanpy/02_normalized_data.h5ad
    output: data/processed/scanpy/03_qc_filtered_data.h5ad
    log: logs/scanpy/03_qc_filter.log
    jobid: 0
    reason: Missing output files: data/processed/scanpy/03_qc_filtered_data.h5ad
    resources: tmpdir=/tmp

/opt/miniforge3/envs/scanpy/bin/python3.9 /mnt/exfat01/projects/scRNA-0722/.snakemake/scripts/tmpkpfh5vps.03_qc_filter.py
Terminating processes on user request, this might take some time.
Cancelling snakemake on user request.
