Building DAG of jobs...
Using shell: /usr/bin/bash
Provided cores: 1 (use --cores to define parallelism)
Rules claiming more threads will be scaled down.
Job stats:
job                      count
---------------------  -------
seurat_postQC_process        1
total                        1

Select jobs to execute...

[Thu Jul 25 00:09:49 2024]
rule seurat_postQC_process:
    input: data/processed/seurat/04_doublet_data.rds
    output: data/processed/seurat/05_postQC_data.rds
    log: logs/seurat/05_postQC_process.log
    jobid: 0
    reason: Missing output files: data/processed/seurat/05_postQC_data.rds
    resources: tmpdir=/tmp

Rscript --vanilla /mnt/exfat01/projects/scRNA-0722/.snakemake/scripts/tmprljl28xx.05_postQC_process.R
[Thu Jul 25 00:25:26 2024]
Finished job 0.
1 of 1 steps (100%) done
Complete log: .snakemake/log/2024-07-25T000949.539222.snakemake.log
