Building DAG of jobs...
Using shell: /usr/bin/bash
Provided cores: 15
Rules claiming more threads will be scaled down.
Job stats:
job                      count
---------------------  -------
seurat_doublet_finder        1
seurat_integrate             1
seurat_postQC_process        1
total                        3

Select jobs to execute...

[Sun Sep  1 19:31:59 2024]
rule seurat_doublet_finder:
    input: data/processed/seurat/03_filtered_data.rds
    output: data/processed/seurat/04_doublet_data.rds
    log: logs/seurat/04_doublet_finder.log
    jobid: 2
    reason: Missing output files: data/processed/seurat/04_doublet_data.rds; Params have changed since last execution
    resources: tmpdir=/tmp

Rscript --vanilla /mnt/data/projects/scRNA-0722-Reviewed/.snakemake/scripts/tmpcujvb71g.04_doublet_finder.R
[Sun Sep  1 20:09:08 2024]
Finished job 2.
1 of 3 steps (33%) done
Select jobs to execute...

[Sun Sep  1 20:09:08 2024]
rule seurat_postQC_process:
    input: data/processed/seurat/04_doublet_data.rds
    output: data/processed/seurat/05_postQC_data.rds
    log: logs/seurat/05_postQC_process.log
    jobid: 1
    reason: Missing output files: data/processed/seurat/05_postQC_data.rds; Input files updated by another job: data/processed/seurat/04_doublet_data.rds
    resources: tmpdir=/tmp

Rscript --vanilla /mnt/data/projects/scRNA-0722-Reviewed/.snakemake/scripts/tmp7uipkfeu.05_postQC_process.R
[Sun Sep  1 20:23:37 2024]
Finished job 1.
2 of 3 steps (67%) done
Select jobs to execute...

[Sun Sep  1 20:23:37 2024]
rule seurat_integrate:
    input: data/processed/seurat/05_postQC_data.rds
    output: data/processed/seurat/06_integrated_data.rds
    log: logs/seurat/06_integrate.log
    jobid: 0
    reason: Input files updated by another job: data/processed/seurat/05_postQC_data.rds
    resources: tmpdir=/tmp

Rscript --vanilla /mnt/data/projects/scRNA-0722-Reviewed/.snakemake/scripts/tmpiwg3377a.06_integrate.R
[Sun Sep  1 20:33:48 2024]
Error in rule seurat_integrate:
    jobid: 0
    input: data/processed/seurat/05_postQC_data.rds
    output: data/processed/seurat/06_integrated_data.rds
    log: logs/seurat/06_integrate.log (check log file(s) for error details)

RuleException:
CalledProcessError in file /mnt/data/projects/scRNA-0722-Reviewed/seurat.smk, line 77:
Command 'set -euo pipefail;  Rscript --vanilla /mnt/data/projects/scRNA-0722-Reviewed/.snakemake/scripts/tmpiwg3377a.06_integrate.R' returned non-zero exit status 1.
  File "/mnt/data/projects/scRNA-0722-Reviewed/seurat.smk", line 77, in __rule_seurat_integrate
  File "/opt/miniforge3/envs/scanpy/lib/python3.9/concurrent/futures/thread.py", line 58, in run
Shutting down, this might take some time.
Exiting because a job execution failed. Look above for error message
Complete log: .snakemake/log/2024-09-01T193158.724618.snakemake.log
