Building DAG of jobs...
Using shell: /usr/bin/bash
Provided cores: 1 (use --cores to define parallelism)
Rules claiming more threads will be scaled down.
Job stats:
job                 count
----------------  -------
all                     1
scanpy_read_data        1
seurat_read_data        1
total                   3

Select jobs to execute...

[Wed Jul 24 16:27:35 2024]
rule seurat_read_data:
    input: data/raw/seurat_input.rds
    output: data/processed/seurat/01_read_data.rds
    log: logs/seurat/01_read_data.log
    jobid: 1
    reason: Missing output files: data/processed/seurat/01_read_data.rds
    resources: tmpdir=/tmp

[Wed Jul 24 16:27:37 2024]
Error in rule seurat_read_data:
    jobid: 1
    input: data/raw/seurat_input.rds
    output: data/processed/seurat/01_read_data.rds
    log: logs/seurat/01_read_data.log (check log file(s) for error details)

RuleException:
CalledProcessError in file /mnt/exfat01/projects/scRNA-0722/seurat.smk, line 15:
Command 'set -euo pipefail;  Rscript --vanilla /mnt/exfat01/projects/scRNA-0722/.snakemake/scripts/tmp746478mi.01_read_data.R' returned non-zero exit status 1.
  File "/mnt/exfat01/projects/scRNA-0722/seurat.smk", line 15, in __rule_seurat_read_data
  File "/opt/miniforge3/envs/scanpy/lib/python3.9/concurrent/futures/thread.py", line 58, in run
Shutting down, this might take some time.
Exiting because a job execution failed. Look above for error message
Complete log: .snakemake/log/2024-07-24T162735.104863.snakemake.log
