Building DAG of jobs...
Using shell: /usr/bin/bash
Provided cores: 1 (use --cores to define parallelism)
Rules claiming more threads will be scaled down.
Job stats:
job                      count
---------------------  -------
scanpy_normalize_data        1
total                        1

Select jobs to execute...

[Thu Jul 25 02:22:16 2024]
rule scanpy_normalize_data:
    input: data/processed/scanpy/01_read_data.h5ad
    output: data/processed/scanpy/02_normalized_data.h5ad
    log: logs/scanpy/02_normalize_data.log
    jobid: 0
    reason: Missing output files: data/processed/scanpy/02_normalized_data.h5ad
    resources: tmpdir=/tmp

/opt/miniforge3/envs/scanpy/bin/python3.9 /mnt/exfat01/projects/scRNA-0722/.snakemake/scripts/tmp_nly45ve.02_normalize_data.py
[Thu Jul 25 02:22:43 2024]
Finished job 0.
1 of 1 steps (100%) done
Complete log: .snakemake/log/2024-07-25T022216.335968.snakemake.log
