Building DAG of jobs...
Using shell: /usr/bin/bash
Provided cores: 8
Rules claiming more threads will be scaled down.
Job stats:
job                 count
----------------  -------
scanpy_integrate        1
total                   1

Select jobs to execute...

[Thu Jul 25 14:47:14 2024]
rule scanpy_integrate:
    input: data/processed/scanpy/05_postQC_processed_data.h5ad
    output: data/06_integrated.h5ad
    jobid: 0
    reason: Missing output files: data/06_integrated.h5ad
    resources: tmpdir=/tmp

/opt/miniforge3/envs/scvi/bin/python3.9 /mnt/exfat01/projects/scRNA-0722/.snakemake/scripts/tmp41hqgmb2.06_integrate.py
[Thu Jul 25 14:50:32 2024]
Finished job 0.
1 of 1 steps (100%) done
Complete log: .snakemake/log/2024-07-25T144713.772550.snakemake.log
