Building DAG of jobs...
Using shell: /usr/bin/bash
Provided cores: 1 (use --cores to define parallelism)
Rules claiming more threads will be scaled down.
Job stats:
job                      count
---------------------  -------
seurat_normalize_data        1
total                        1

Select jobs to execute...

[Wed Jul 24 19:23:47 2024]
rule seurat_normalize_data:
    input: data/processed/seurat/01_read_data.rds
    output: data/processed/seurat/02_normalized_data.rds
    log: logs/seurat/02_normalize_data.log
    jobid: 0
    reason: Missing output files: data/processed/seurat/02_normalized_data.rds
    resources: tmpdir=/tmp

Rscript --vanilla /mnt/exfat01/projects/scRNA-0722/.snakemake/scripts/tmpajw2m4hl.02_normalize_data.R
[Wed Jul 24 19:30:21 2024]
Finished job 0.
1 of 1 steps (100%) done
Complete log: .snakemake/log/2024-07-24T192346.695473.snakemake.log
