Building DAG of jobs...
Using shell: /usr/bin/bash
Provided cores: 8
Rules claiming more threads will be scaled down.
Job stats:
job                      count
---------------------  -------
seurat_integrate             1
seurat_postQC_process        1
total                        2

Select jobs to execute...

[Thu Aug 22 19:10:58 2024]
rule seurat_postQC_process:
    input: data/processed/seurat/04_doublet_data.rds
    output: data/processed/seurat/05_postQC_data.rds
    log: logs/seurat/05_postQC_process.log
    jobid: 1
    reason: Missing output files: data/processed/seurat/05_postQC_data.rds
    resources: tmpdir=/tmp

Rscript --vanilla /mnt/data/projects/scRNA-0722-Reviewed/.snakemake/scripts/tmpx_p83_ve.05_postQC_process.R
[Thu Aug 22 19:25:33 2024]
Finished job 1.
1 of 2 steps (50%) done
Select jobs to execute...

[Thu Aug 22 19:25:33 2024]
rule seurat_integrate:
    input: data/processed/seurat/05_postQC_data.rds
    output: data/processed/seurat/06_integrated_data.rds
    log: logs/seurat/06_integrate.log
    jobid: 0
    reason: Missing output files: data/processed/seurat/06_integrated_data.rds; Input files updated by another job: data/processed/seurat/05_postQC_data.rds
    resources: tmpdir=/tmp

Rscript --vanilla /mnt/data/projects/scRNA-0722-Reviewed/.snakemake/scripts/tmppja7eimt.06_integrate.R
[Thu Aug 22 22:14:43 2024]
Finished job 0.
2 of 2 steps (100%) done
Complete log: .snakemake/log/2024-08-22T191057.964645.snakemake.log
