Building DAG of jobs...
Using shell: /usr/bin/bash
Provided cores: 8
Rules claiming more threads will be scaled down.
Job stats:
job                         count
------------------------  -------
scanpy_doublet_detection        1
total                           1

Select jobs to execute...

[Thu Jul 25 07:40:07 2024]
rule scanpy_doublet_detection:
    input: data/processed/scanpy/03_qc_filtered_data.h5ad
    output: data/processed/scanpy/04_doublet_detected_data.h5ad
    log: logs/scanpy/04_doublet_detection.log
    jobid: 0
    reason: Updated input files: data/processed/scanpy/03_qc_filtered_data.h5ad
    resources: tmpdir=/tmp

/opt/miniforge3/envs/scanpy/bin/python3.9 /mnt/exfat01/projects/scRNA-0722/.snakemake/scripts/tmpshfieuy9.04_doublet_detection.py
[Thu Jul 25 07:40:46 2024]
Finished job 0.
1 of 1 steps (100%) done
Complete log: .snakemake/log/2024-07-25T074007.458843.snakemake.log
