Building DAG of jobs...
Using shell: /usr/bin/bash
Provided cores: 8
Rules claiming more threads will be scaled down.
Job stats:
job                      count
---------------------  -------
scanpy_postQC_process        1
total                        1

Select jobs to execute...

[Thu Jul 25 08:48:02 2024]
rule scanpy_postQC_process:
    input: data/processed/scanpy/04_doublet_detected_data.h5ad
    output: data/processed/scanpy/05_postQC_processed_data.h5ad
    log: logs/scanpy/05_postQC_process.log
    jobid: 0
    reason: Missing output files: data/processed/scanpy/05_postQC_processed_data.h5ad
    resources: tmpdir=/tmp

/opt/miniforge3/envs/scanpy/bin/python3.9 /mnt/exfat01/projects/scRNA-0722/.snakemake/scripts/tmpz6knou74.05_postQC_process.py
[Thu Jul 25 08:48:24 2024]
Finished job 0.
1 of 1 steps (100%) done
Complete log: .snakemake/log/2024-07-25T084802.249442.snakemake.log
