Building DAG of jobs...
Using shell: /usr/bin/bash
Provided cores: 8
Rules claiming more threads will be scaled down.
Job stats:
job                      count
---------------------  -------
seurat_doublet_finder        1
seurat_integrate             1
seurat_normalize_data        1
seurat_postQC_process        1
seurat_qc_filter             1
seurat_read_data             1
total                        6

Select jobs to execute...

[Mon Aug  5 20:52:37 2024]
rule seurat_read_data:
    input: data/raw/seurat_input.rds
    output: data/processed/seurat/01_read_data.rds
    log: logs/seurat/01_read_data.log
    jobid: 5
    reason: Missing output files: data/processed/seurat/01_read_data.rds
    resources: tmpdir=/tmp

Rscript --vanilla /mnt/data/projects/scRNA-0722/.snakemake/scripts/tmpkis98911.01_read_data.R
[Mon Aug  5 20:58:45 2024]
Finished job 5.
1 of 6 steps (17%) done
Select jobs to execute...

[Mon Aug  5 20:58:45 2024]
rule seurat_normalize_data:
    input: data/processed/seurat/01_read_data.rds
    output: data/processed/seurat/02_normalized_data.rds
    log: logs/seurat/02_normalize_data.log
    jobid: 4
    reason: Missing output files: data/processed/seurat/02_normalized_data.rds; Input files updated by another job: data/processed/seurat/01_read_data.rds
    resources: tmpdir=/tmp

Rscript --vanilla /mnt/data/projects/scRNA-0722/.snakemake/scripts/tmp4hghh8h7.02_normalize_data.R
[Mon Aug  5 21:05:30 2024]
Finished job 4.
2 of 6 steps (33%) done
Select jobs to execute...

[Mon Aug  5 21:05:30 2024]
rule seurat_qc_filter:
    input: data/processed/seurat/02_normalized_data.rds
    output: data/processed/seurat/03_filtered_data.rds
    log: logs/seurat/03_qc_filter.log
    jobid: 3
    reason: Missing output files: data/processed/seurat/03_filtered_data.rds; Input files updated by another job: data/processed/seurat/02_normalized_data.rds
    resources: tmpdir=/tmp

Rscript --vanilla /mnt/data/projects/scRNA-0722/.snakemake/scripts/tmp8e0dj01l.03_qc_filter.R
Terminating processes on user request, this might take some time.
Cancelling snakemake on user request.
