Building DAG of jobs...
Using shell: /usr/bin/bash
Provided cores: 8
Rules claiming more threads will be scaled down.
Job stats:
job                 count
----------------  -------
scanpy_qc_filter        1
total                   1

Select jobs to execute...

[Thu Jul 25 07:39:35 2024]
rule scanpy_qc_filter:
    input: data/processed/scanpy/02_normalized_data.h5ad
    output: data/processed/scanpy/03_qc_filtered_data.h5ad
    log: logs/scanpy/03_qc_filter.log
    jobid: 0
    reason: Missing output files: data/processed/scanpy/03_qc_filtered_data.h5ad
    resources: tmpdir=/tmp

/opt/miniforge3/envs/scanpy/bin/python3.9 /mnt/exfat01/projects/scRNA-0722/.snakemake/scripts/tmprif5cryl.03_qc_filter.py
[Thu Jul 25 07:39:46 2024]
Finished job 0.
1 of 1 steps (100%) done
Complete log: .snakemake/log/2024-07-25T073935.512738.snakemake.log
