Building DAG of jobs...
Using shell: /usr/bin/bash
Provided cores: 8
Rules claiming more threads will be scaled down.
Job stats:
job                      count
---------------------  -------
seurat_doublet_finder        1
seurat_integrate             1
seurat_postQC_process        1
seurat_qc_filter             1
total                        4

Select jobs to execute...

[Sun Aug 18 23:37:32 2024]
rule seurat_qc_filter:
    input: data/processed/seurat/02_normalized_data.rds
    output: data/processed/seurat/03_filtered_data.rds
    log: logs/seurat/03_qc_filter.log
    jobid: 3
    reason: Missing output files: data/processed/seurat/03_filtered_data.rds; Params have changed since last execution
    resources: tmpdir=/tmp

Rscript --vanilla /mnt/data/projects/scRNA-0722-ReQC/.snakemake/scripts/tmpyzixgpvc.03_qc_filter.R
[Sun Aug 18 23:43:45 2024]
Finished job 3.
1 of 4 steps (25%) done
Select jobs to execute...

[Sun Aug 18 23:43:45 2024]
rule seurat_doublet_finder:
    input: data/processed/seurat/03_filtered_data.rds
    output: data/processed/seurat/04_doublet_data.rds
    log: logs/seurat/04_doublet_finder.log
    jobid: 2
    reason: Missing output files: data/processed/seurat/04_doublet_data.rds; Input files updated by another job: data/processed/seurat/03_filtered_data.rds
    resources: tmpdir=/tmp

Rscript --vanilla /mnt/data/projects/scRNA-0722-ReQC/.snakemake/scripts/tmp1477c3z0.04_doublet_finder.R
[Mon Aug 19 00:23:21 2024]
Finished job 2.
2 of 4 steps (50%) done
Select jobs to execute...

[Mon Aug 19 00:23:21 2024]
rule seurat_postQC_process:
    input: data/processed/seurat/04_doublet_data.rds
    output: data/processed/seurat/05_postQC_data.rds
    log: logs/seurat/05_postQC_process.log
    jobid: 1
    reason: Missing output files: data/processed/seurat/05_postQC_data.rds; Input files updated by another job: data/processed/seurat/04_doublet_data.rds
    resources: tmpdir=/tmp

Rscript --vanilla /mnt/data/projects/scRNA-0722-ReQC/.snakemake/scripts/tmp0gzt3zuh.05_postQC_process.R
[Mon Aug 19 00:37:57 2024]
Finished job 1.
3 of 4 steps (75%) done
Select jobs to execute...

[Mon Aug 19 00:37:57 2024]
rule seurat_integrate:
    input: data/processed/seurat/05_postQC_data.rds
    output: data/processed/seurat/06_integrated_data.rds
    log: logs/seurat/06_integrate.log
    jobid: 0
    reason: Input files updated by another job: data/processed/seurat/05_postQC_data.rds
    resources: tmpdir=/tmp

Rscript --vanilla /mnt/data/projects/scRNA-0722-ReQC/.snakemake/scripts/tmplv3ecn68.06_integrate.R
[Mon Aug 19 00:53:22 2024]
Finished job 0.
4 of 4 steps (100%) done
Complete log: .snakemake/log/2024-08-18T233731.755135.snakemake.log
