Building DAG of jobs...
Using shell: /usr/bin/bash
Provided cores: 8
Rules claiming more threads will be scaled down.
Job stats:
job                 count
----------------  -------
scanpy_integrate        1
total                   1

Select jobs to execute...

[Thu Jul 25 13:29:50 2024]
rule scanpy_integrate:
    input: data/processed/scanpy/05_postQC_processed_data.h5ad
    output: data/06_integrated.h5ad
    jobid: 0
    reason: Missing output files: data/06_integrated.h5ad
    resources: tmpdir=/tmp

/opt/miniforge3/envs/scanpy/bin/python3.9 /mnt/exfat01/projects/scRNA-0722/.snakemake/scripts/tmp9s7l4m2r.06_integrate.py
[Thu Jul 25 13:29:53 2024]
Error in rule scanpy_integrate:
    jobid: 0
    input: data/processed/scanpy/05_postQC_processed_data.h5ad
    output: data/06_integrated.h5ad

RuleException:
CalledProcessError in file /mnt/exfat01/projects/scRNA-0722/scanpy.smk, line 75:
Command 'set -euo pipefail;  /opt/miniforge3/envs/scanpy/bin/python3.9 /mnt/exfat01/projects/scRNA-0722/.snakemake/scripts/tmp9s7l4m2r.06_integrate.py' returned non-zero exit status 1.
  File "/mnt/exfat01/projects/scRNA-0722/scanpy.smk", line 75, in __rule_scanpy_integrate
  File "/opt/miniforge3/envs/scanpy/lib/python3.9/concurrent/futures/thread.py", line 58, in run
Shutting down, this might take some time.
Exiting because a job execution failed. Look above for error message
Complete log: .snakemake/log/2024-07-25T132949.915209.snakemake.log
