Building DAG of jobs...
Using shell: /usr/bin/bash
Provided cores: 1 (use --cores to define parallelism)
Rules claiming more threads will be scaled down.
Job stats:
job                 count
----------------  -------
seurat_qc_filter        1
total                   1

Select jobs to execute...

[Wed Jul 24 20:01:54 2024]
rule seurat_qc_filter:
    input: data/processed/seurat/02_normalized_data.rds
    output: data/processed/seurat/03_filtered_data.rds
    log: logs/seurat/03_qc_filter.log
    jobid: 0
    reason: Missing output files: data/processed/seurat/03_filtered_data.rds
    resources: tmpdir=/tmp

Rscript --vanilla /mnt/exfat01/projects/scRNA-0722/.snakemake/scripts/tmp4g74bhsp.03_qc_filter.R
[Wed Jul 24 20:08:10 2024]
Finished job 0.
1 of 1 steps (100%) done
Complete log: .snakemake/log/2024-07-24T200153.865346.snakemake.log
