Building DAG of jobs...
Using shell: /usr/bin/bash
Provided cores: 8
Rules claiming more threads will be scaled down.
Job stats:
job                 count
----------------  -------
scanpy_integrate        1
total                   1

Select jobs to execute...

[Thu Jul 25 09:17:26 2024]
rule scanpy_integrate:
    input: data/processed/scanpy/05_postQC_processed_data.h5ad
    output: data/06_integrated.h5ad
    jobid: 0
    reason: Missing output files: data/06_integrated.h5ad
    resources: tmpdir=/tmp

[Thu Jul 25 09:17:26 2024]
Error in rule scanpy_integrate:
    jobid: 0
    input: data/processed/scanpy/05_postQC_processed_data.h5ad
    output: data/06_integrated.h5ad

RuleException:
WorkflowError in file /mnt/exfat01/projects/scRNA-0722/scanpy.smk, line 75:
Failed to open source file /mnt/exfat01/projects/scRNA-0722/scripts/06_integrate.py
FileNotFoundError: [Errno 2] No such file or directory: '/mnt/exfat01/projects/scRNA-0722/scripts/06_integrate.py'
  File "/mnt/exfat01/projects/scRNA-0722/scanpy.smk", line 75, in __rule_scanpy_integrate
  File "/opt/miniforge3/envs/scanpy/lib/python3.9/concurrent/futures/thread.py", line 58, in run
Shutting down, this might take some time.
Exiting because a job execution failed. Look above for error message
Complete log: .snakemake/log/2024-07-25T091726.006770.snakemake.log
