Building DAG of jobs...
Using shell: /usr/bin/bash
Provided cores: 8
Rules claiming more threads will be scaled down.
Job stats:
job                 count
----------------  -------
scanpy_integrate        1
total                   1

Select jobs to execute...

[Thu Jul 25 14:28:52 2024]
rule scanpy_integrate:
    input: data/processed/scanpy/05_postQC_processed_data.h5ad
    output: data/06_integrated.h5ad
    jobid: 0
    reason: Missing output files: data/06_integrated.h5ad
    resources: tmpdir=/tmp

/opt/miniforge3/envs/scvi/bin/python3.9 /mnt/exfat01/projects/scRNA-0722/.snakemake/scripts/tmpv8_9rn03.06_integrate.py
Terminating processes on user request, this might take some time.
Cancelling snakemake on user request.
