Building DAG of jobs...
Using shell: /usr/bin/bash
Provided cores: 8
Rules claiming more threads will be scaled down.
Job stats:
job                      count
---------------------  -------
seurat_doublet_finder        1
total                        1

Select jobs to execute...

[Thu Aug 22 17:56:19 2024]
rule seurat_doublet_finder:
    input: data/processed/seurat/03_filtered_data.rds
    output: data/processed/seurat/04_doublet_data.rds
    log: logs/seurat/04_doublet_finder.log
    jobid: 0
    reason: Missing output files: data/processed/seurat/04_doublet_data.rds
    resources: tmpdir=/tmp

Rscript --vanilla /mnt/data/projects/scRNA-0722-Reviewed/.snakemake/scripts/tmpt13ihosz.04_doublet_finder.R
[Thu Aug 22 17:56:55 2024]
Error in rule seurat_doublet_finder:
    jobid: 0
    input: data/processed/seurat/03_filtered_data.rds
    output: data/processed/seurat/04_doublet_data.rds
    log: logs/seurat/04_doublet_finder.log (check log file(s) for error details)

RuleException:
CalledProcessError in file /mnt/data/projects/scRNA-0722-Reviewed/seurat.smk, line 53:
Command 'set -euo pipefail;  Rscript --vanilla /mnt/data/projects/scRNA-0722-Reviewed/.snakemake/scripts/tmpt13ihosz.04_doublet_finder.R' returned non-zero exit status 1.
  File "/mnt/data/projects/scRNA-0722-Reviewed/seurat.smk", line 53, in __rule_seurat_doublet_finder
  File "/opt/miniforge3/envs/scanpy/lib/python3.9/concurrent/futures/thread.py", line 58, in run
Shutting down, this might take some time.
Exiting because a job execution failed. Look above for error message
Complete log: .snakemake/log/2024-08-22T175618.675873.snakemake.log
