Building DAG of jobs...
Using shell: /usr/bin/bash
Provided cores: 2
Rules claiming more threads will be scaled down.
Job stats:
job                      count
---------------------  -------
seurat_doublet_finder        1
total                        1

Select jobs to execute...

[Wed Jul 24 21:27:58 2024]
rule seurat_doublet_finder:
    input: data/processed/seurat/03_filtered_data.rds
    output: data/processed/seurat/04_doublet_data.rds
    log: logs/seurat/04_doublet_finder.log
    jobid: 0
    reason: Missing output files: data/processed/seurat/04_doublet_data.rds
    resources: tmpdir=/tmp

Rscript --vanilla /mnt/exfat01/projects/scRNA-0722/.snakemake/scripts/tmps3_8gbzr.04_doublet_finder.R
[Wed Jul 24 22:08:42 2024]
Error in rule seurat_doublet_finder:
    jobid: 0
    input: data/processed/seurat/03_filtered_data.rds
    output: data/processed/seurat/04_doublet_data.rds
    log: logs/seurat/04_doublet_finder.log (check log file(s) for error details)

RuleException:
CalledProcessError in file /mnt/exfat01/projects/scRNA-0722/seurat.smk, line 52:
Command 'set -euo pipefail;  Rscript --vanilla /mnt/exfat01/projects/scRNA-0722/.snakemake/scripts/tmps3_8gbzr.04_doublet_finder.R' returned non-zero exit status 1.
  File "/mnt/exfat01/projects/scRNA-0722/seurat.smk", line 52, in __rule_seurat_doublet_finder
  File "/opt/miniforge3/envs/scanpy/lib/python3.9/concurrent/futures/thread.py", line 58, in run
Removing output files of failed job seurat_doublet_finder since they might be corrupted:
data/processed/seurat/04_doublet_data.rds
Shutting down, this might take some time.
Exiting because a job execution failed. Look above for error message
Complete log: .snakemake/log/2024-07-24T212758.301085.snakemake.log
