Building DAG of jobs...
Using shell: /usr/bin/bash
Provided cores: 8
Rules claiming more threads will be scaled down.
Job stats:
job                      count
---------------------  -------
seurat_doublet_finder        1
seurat_integrate             1
seurat_postQC_process        1
seurat_qc_filter             1
total                        4

Select jobs to execute...

[Sat Aug 17 23:40:54 2024]
rule seurat_qc_filter:
    input: data/processed/seurat/02_normalized_data.rds
    output: data/processed/seurat/03_filtered_data.rds
    log: logs/seurat/03_qc_filter.log
    jobid: 3
    reason: Params have changed since last execution
    resources: tmpdir=/tmp

Rscript --vanilla /mnt/data/projects/scRNA-0722-ReQC/.snakemake/scripts/tmp47c9arpy.03_qc_filter.R
[Sat Aug 17 23:47:12 2024]
Finished job 3.
1 of 4 steps (25%) done
Select jobs to execute...

[Sat Aug 17 23:47:12 2024]
rule seurat_doublet_finder:
    input: data/processed/seurat/03_filtered_data.rds
    output: data/processed/seurat/04_doublet_data.rds
    log: logs/seurat/04_doublet_finder.log
    jobid: 2
    reason: Input files updated by another job: data/processed/seurat/03_filtered_data.rds
    resources: tmpdir=/tmp

Rscript --vanilla /mnt/data/projects/scRNA-0722-ReQC/.snakemake/scripts/tmp3cvfaulb.04_doublet_finder.R
[Sun Aug 18 00:26:48 2024]
Finished job 2.
2 of 4 steps (50%) done
Select jobs to execute...

[Sun Aug 18 00:26:48 2024]
rule seurat_postQC_process:
    input: data/processed/seurat/04_doublet_data.rds
    output: data/processed/seurat/05_postQC_data.rds
    log: logs/seurat/05_postQC_process.log
    jobid: 1
    reason: Input files updated by another job: data/processed/seurat/04_doublet_data.rds
    resources: tmpdir=/tmp

Rscript --vanilla /mnt/data/projects/scRNA-0722-ReQC/.snakemake/scripts/tmpp7z1uxbv.05_postQC_process.R
[Sun Aug 18 00:41:58 2024]
Finished job 1.
3 of 4 steps (75%) done
Select jobs to execute...

[Sun Aug 18 00:41:58 2024]
rule seurat_integrate:
    input: data/processed/seurat/05_postQC_data.rds
    output: data/processed/seurat/06_integrated_data.rds
    log: logs/seurat/06_integrate.log
    jobid: 0
    reason: Input files updated by another job: data/processed/seurat/05_postQC_data.rds
    resources: tmpdir=/tmp

Rscript --vanilla /mnt/data/projects/scRNA-0722-ReQC/.snakemake/scripts/tmpcolp5n6e.06_integrate.R
[Sun Aug 18 00:57:46 2024]
Finished job 0.
4 of 4 steps (100%) done
Complete log: .snakemake/log/2024-08-17T234053.816208.snakemake.log
