Building DAG of jobs...
Using shell: /usr/bin/bash
Provided cores: 8
Rules claiming more threads will be scaled down.
Job stats:
job                      count
---------------------  -------
seurat_doublet_finder        1
seurat_integrate             1
seurat_normalize_data        1
seurat_postQC_process        1
seurat_qc_filter             1
seurat_read_data             1
total                        6

Select jobs to execute...

[Wed Aug  7 09:48:34 2024]
rule seurat_read_data:
    input: data/raw/seurat_input.rds
    output: data/processed/seurat/01_read_data.rds
    log: logs/seurat/01_read_data.log
    jobid: 5
    reason: Missing output files: data/processed/seurat/01_read_data.rds
    resources: tmpdir=/tmp

Rscript --vanilla /mnt/data/projects/scRNA-0722-ReQC/.snakemake/scripts/tmpuf0sui97.01_read_data.R
[Wed Aug  7 09:54:40 2024]
Finished job 5.
1 of 6 steps (17%) done
Select jobs to execute...

[Wed Aug  7 09:54:40 2024]
rule seurat_normalize_data:
    input: data/processed/seurat/01_read_data.rds
    output: data/processed/seurat/02_normalized_data.rds
    log: logs/seurat/02_normalize_data.log
    jobid: 4
    reason: Missing output files: data/processed/seurat/02_normalized_data.rds; Input files updated by another job: data/processed/seurat/01_read_data.rds
    resources: tmpdir=/tmp

Rscript --vanilla /mnt/data/projects/scRNA-0722-ReQC/.snakemake/scripts/tmpzsnvirou.02_normalize_data.R
[Wed Aug  7 10:01:21 2024]
Finished job 4.
2 of 6 steps (33%) done
Select jobs to execute...

[Wed Aug  7 10:01:21 2024]
rule seurat_qc_filter:
    input: data/processed/seurat/02_normalized_data.rds
    output: data/processed/seurat/03_filtered_data.rds
    log: logs/seurat/03_qc_filter.log
    jobid: 3
    reason: Missing output files: data/processed/seurat/03_filtered_data.rds; Input files updated by another job: data/processed/seurat/02_normalized_data.rds; Params have changed since last execution
    resources: tmpdir=/tmp

Rscript --vanilla /mnt/data/projects/scRNA-0722-ReQC/.snakemake/scripts/tmplfe0pee6.03_qc_filter.R
[Wed Aug  7 10:07:28 2024]
Finished job 3.
3 of 6 steps (50%) done
Select jobs to execute...

[Wed Aug  7 10:07:28 2024]
rule seurat_doublet_finder:
    input: data/processed/seurat/03_filtered_data.rds
    output: data/processed/seurat/04_doublet_data.rds
    log: logs/seurat/04_doublet_finder.log
    jobid: 2
    reason: Missing output files: data/processed/seurat/04_doublet_data.rds; Input files updated by another job: data/processed/seurat/03_filtered_data.rds
    resources: tmpdir=/tmp

Rscript --vanilla /mnt/data/projects/scRNA-0722-ReQC/.snakemake/scripts/tmp6ai03avx.04_doublet_finder.R
[Wed Aug  7 10:47:54 2024]
Finished job 2.
4 of 6 steps (67%) done
Select jobs to execute...

[Wed Aug  7 10:47:54 2024]
rule seurat_postQC_process:
    input: data/processed/seurat/04_doublet_data.rds
    output: data/processed/seurat/05_postQC_data.rds
    log: logs/seurat/05_postQC_process.log
    jobid: 1
    reason: Missing output files: data/processed/seurat/05_postQC_data.rds; Input files updated by another job: data/processed/seurat/04_doublet_data.rds
    resources: tmpdir=/tmp

Rscript --vanilla /mnt/data/projects/scRNA-0722-ReQC/.snakemake/scripts/tmpx_8qkg48.05_postQC_process.R
[Wed Aug  7 11:02:10 2024]
Finished job 1.
5 of 6 steps (83%) done
Select jobs to execute...

[Wed Aug  7 11:02:10 2024]
rule seurat_integrate:
    input: data/processed/seurat/05_postQC_data.rds
    output: data/processed/seurat/06_integrated_data.rds
    log: logs/seurat/06_integrate.log
    jobid: 0
    reason: Input files updated by another job: data/processed/seurat/05_postQC_data.rds
    resources: tmpdir=/tmp

Rscript --vanilla /mnt/data/projects/scRNA-0722-ReQC/.snakemake/scripts/tmpq7pbd81j.06_integrate.R
[Wed Aug  7 11:16:28 2024]
Finished job 0.
6 of 6 steps (100%) done
Complete log: .snakemake/log/2024-08-07T094833.773015.snakemake.log
